2021-01-29 17:27:19  [org.example.LoginPage] (main:) Test başlatıldı.
2021-01-29 17:27:21  [org.example.LoginPage] (main:) Test Edilecek Sayfa : GittiGidiyor - Türkiye'nin Öncü Alışveriş Sitesi
2021-01-29 17:27:26  [org.example.LoginPage] (main:) Yönlendirilen Sayfa : GittiGidiyor - Türkiye'nin Öncü Alışveriş Sitesi
2021-01-29 17:34:07  [org.example.LoginPage] (main:) Test başlatıldı.
2021-01-29 17:34:10  [org.example.LoginPage] (main:) Test Edilecek Sayfa : GittiGidiyor - Türkiye'nin Öncü Alışveriş Sitesi
2021-01-29 17:34:14  [org.example.LoginPage] (main:) Yönlendirilen Sayfa : GittiGidiyor - Türkiye'nin Öncü Alışveriş Sitesi
2021-01-29 17:36:11  [org.example.LoginPage] (main:) Test başlatıldı.
2021-01-29 17:36:13  [org.example.LoginPage] (main:) Test Edilecek Sayfa : GittiGidiyor - Türkiye'nin Öncü Alışveriş Sitesi
2021-01-29 17:36:17  [org.example.LoginPage] (main:) Yönlendirilen Sayfa : GittiGidiyor - Türkiye'nin Öncü Alışveriş Sitesi
2021-01-29 17:37:20  [org.example.LoginPage] (main:) Test başlatıldı.
2021-01-29 17:37:22  [org.example.LoginPage] (main:) Test Edilecek Sayfa : GittiGidiyor - Türkiye'nin Öncü Alışveriş Sitesi
2021-01-29 17:37:27  [org.example.LoginPage] (main:) Yönlendirilen Sayfa : GittiGidiyor - Türkiye'nin Öncü Alışveriş Sitesi
2021-01-29 17:38:03  [org.example.LoginPage] (main:) Test başlatıldı.
2021-01-29 17:38:05  [org.example.LoginPage] (main:) Test Edilecek Sayfa : GittiGidiyor - Türkiye'nin Öncü Alışveriş Sitesi
2021-01-29 17:38:09  [org.example.LoginPage] (main:) Yönlendirilen Sayfa : GittiGidiyor - Türkiye'nin Öncü Alışveriş Sitesi
2021-01-29 17:42:12  [org.example.LoginPage] (main:) Test başlatıldı.
2021-01-29 17:42:17  [org.example.LoginPage] (main:) Test Edilecek Sayfa : GittiGidiyor - Türkiye'nin Öncü Alışveriş Sitesi
2021-01-29 17:42:21  [org.example.LoginPage] (main:) Yönlendirilen Sayfa : GittiGidiyor - Türkiye'nin Öncü Alışveriş Sitesi
2021-01-29 17:42:58  [org.example.LoginPage] (main:) Test başlatıldı.
2021-01-29 17:43:00  [org.example.LoginPage] (main:) Test Edilecek Sayfa : GittiGidiyor - Türkiye'nin Öncü Alışveriş Sitesi
2021-01-29 17:43:04  [org.example.LoginPage] (main:) Yönlendirilen Sayfa : GittiGidiyor - Türkiye'nin Öncü Alışveriş Sitesi
2021-01-29 17:43:43  [org.example.LoginPage] (main:) Test başlatıldı.
2021-01-29 17:43:45  [org.example.LoginPage] (main:) Test Edilecek Sayfa : GittiGidiyor - Türkiye'nin Öncü Alışveriş Sitesi
2021-01-29 17:43:49  [org.example.LoginPage] (main:) Yönlendirilen Sayfa : GittiGidiyor - Türkiye'nin Öncü Alışveriş Sitesi
2021-01-29 17:46:12  [org.example.LoginPage] (main:) Test başlatıldı.
2021-01-29 17:46:17  [org.example.LoginPage] (main:) Test Edilecek Sayfa : GittiGidiyor - Türkiye'nin Öncü Alışveriş Sitesi
2021-01-29 17:46:18  [org.example.LoginPage] (main:) Kullanıcı girişi yapılması
2021-01-29 17:46:21  [org.example.LoginPage] (main:) Yönlendirilen Sayfa : GittiGidiyor - Türkiye'nin Öncü Alışveriş Sitesi
2021-01-29 17:46:21  [org.example.LoginPage] (main:) Arama çubuğunda 'Bilgisayar' ifadesinin aranması
2021-01-29 17:46:23  [org.example.LoginPage] (main:) 2.Sayfanın açılması
2021-01-29 17:47:05  [org.example.LoginPage] (main:) Test başlatıldı.
2021-01-29 17:47:23  [org.example.LoginPage] (main:) Test Edilecek Sayfa :
2021-01-29 17:47:31  [org.example.LoginPage] (main:) Test başlatıldı.
2021-01-29 17:48:24  [org.example.LoginPage] (main:) Test başlatıldı.
2021-01-29 17:48:46  [org.example.LoginPage] (main:) Test başlatıldı.
2021-01-29 17:48:52  [org.example.LoginPage] (main:) Test Edilecek Sayfa :
2021-01-29 17:49:36  [org.example.LoginPage] (main:) Test başlatıldı.
2021-01-29 17:49:38  [org.example.LoginPage] (main:) Test Edilecek Sayfa : GittiGidiyor - Türkiye'nin Öncü Alışveriş Sitesi
2021-01-29 17:49:56  [org.example.LoginPage] (main:) Test başlatıldı.
2021-01-29 17:51:28  [org.example.LoginPage] (main:) Test başlatıldı.
2021-01-29 17:51:31  [org.example.LoginPage] (main:) Test Edilecek Sayfa : GittiGidiyor - Türkiye'nin Öncü Alışveriş Sitesi
2021-01-29 17:51:32  [org.example.LoginPage] (main:) Kullanıcı girişi yapılması
2021-01-29 17:51:35  [org.example.LoginPage] (main:) Yönlendirilen Sayfa : GittiGidiyor - Türkiye'nin Öncü Alışveriş Sitesi
2021-01-29 17:52:22  [org.example.LoginPage] (main:) Test başlatıldı.
2021-01-29 17:52:24  [org.example.LoginPage] (main:) Test Edilecek Sayfa : GittiGidiyor - Türkiye'nin Öncü Alışveriş Sitesi
2021-01-29 17:52:25  [org.example.LoginPage] (main:) Kullanıcı girişi yapılması
2021-01-29 17:52:29  [org.example.LoginPage] (main:) Yönlendirilen Sayfa : GittiGidiyor - Türkiye'nin Öncü Alışveriş Sitesi
2021-01-29 17:52:29  [org.example.LoginPage] (main:) Arama çubuğunda 'Bilgisayar' ifadesinin aranması
2021-01-29 17:52:31  [org.example.LoginPage] (main:) 2.Sayfanın açılması
2021-01-29 17:52:37  [org.example.LoginPage] (main:) 2.sayfada olduğunun kontrol edilmesi
2021-01-29 17:59:44  [org.example.LoginPage] (main:) Test başlatıldı.
2021-01-29 17:59:46  [org.example.LoginPage] (main:) Test Edilecek Sayfa : GittiGidiyor - Türkiye'nin Öncü Alışveriş Sitesi
2021-01-29 17:59:47  [org.example.LoginPage] (main:) Kullanıcı girişi yapılması
2021-01-29 17:59:51  [org.example.LoginPage] (main:) Yönlendirilen Sayfa : GittiGidiyor - Türkiye'nin Öncü Alışveriş Sitesi
2021-01-29 17:59:51  [org.example.LoginPage] (main:) Arama çubuğunda 'Bilgisayar' ifadesinin aranması
2021-01-29 17:59:53  [org.example.LoginPage] (main:) 2.Sayfanın açılması
2021-01-29 17:59:58  [org.example.LoginPage] (main:) 2.sayfada olduğunun kontrol edilmesi
2021-01-29 17:59:58  [org.example.LoginPage] (main:) Sayfa fark etmeksizin,rastgele şekilde ilk ürünün seçilmesi
2021-01-29 18:00:00  [org.example.LoginPage] (main:) Ürün fiyatının hafızaya alınması
2021-01-29 18:00:00  [org.example.LoginPage] (main:) Ürünün sepete eklenmesi
2021-01-29 18:00:00  [org.example.LoginPage] (main:) Ürünün,internet yavaşlığından kaynaklı sepete eklenmemesini engellemek için konulan süre
2021-01-29 18:00:04  [org.example.LoginPage] (main:) Ürünün fiyatıyla sepetteki halinin fiyat karşılaştırılması
2021-01-29 18:00:04  [org.example.LoginPage] (main:) Ürün sayısının artırılması
2021-01-29 18:00:04  [org.example.LoginPage] (main:) Ürün sayısının kontrol edilmesi
2021-01-29 18:00:04  [org.example.LoginPage] (main:) İşlemi görmek için beklenmesi gereken süre
2021-01-29 18:00:06  [org.example.LoginPage] (main:) Ürünleri sepetten silinmesi ve işlemin gerçekleşmesi için internet yavaşlığının beklenmesi
2021-01-29 18:00:11  [org.example.LoginPage] (main:) Sepetin boş olduğunun kontrolünün yapaılması
2021-01-29 18:02:27  [org.example.LoginPage] (main:) Test başlatıldı.
2021-01-29 18:02:29  [org.example.LoginPage] (main:) Test Edilecek Sayfa : GittiGidiyor - Türkiye'nin Öncü Alışveriş Sitesi
2021-01-29 18:02:30  [org.example.LoginPage] (main:) Kullanıcı girişi yapılması
2021-01-29 18:02:33  [org.example.LoginPage] (main:) Yönlendirilen Sayfa : GittiGidiyor - Türkiye'nin Öncü Alışveriş Sitesi
2021-01-29 18:02:33  [org.example.LoginPage] (main:) Arama çubuğunda 'Bilgisayar' ifadesinin aranması
2021-01-29 18:02:35  [org.example.LoginPage] (main:) 2.Sayfanın açılması
2021-01-29 18:02:41  [org.example.LoginPage] (main:) 2.sayfada olduğunun kontrol edilmesi
2021-01-29 18:02:41  [org.example.LoginPage] (main:) Sayfa fark etmeksizin,rastgele şekilde ilk ürünün seçilmesi
2021-01-29 18:02:42  [org.example.LoginPage] (main:) Ürün fiyatının hafızaya alınması
2021-01-29 18:02:42  [org.example.LoginPage] (main:) Ürünün sepete eklenmesi
2021-01-29 18:02:42  [org.example.LoginPage] (main:) Ürünün,internet yavaşlığından kaynaklı sepete eklenmemesini engellemek için konulan süre
2021-01-29 18:02:46  [org.example.LoginPage] (main:) Ürünün fiyatıyla sepetteki halinin fiyat karşılaştırılması
2021-01-29 18:02:46  [org.example.LoginPage] (main:) Ürün sayısının artırılması
2021-01-29 18:02:47  [org.example.LoginPage] (main:) Ürün sayısının kontrol edilmesi
2021-01-29 18:02:47  [org.example.LoginPage] (main:) İşlemi görmek için beklenmesi gereken süre
2021-01-29 18:02:49  [org.example.LoginPage] (main:) Ürünleri sepetten silinmesi ve işlemin gerçekleşmesi için internet yavaşlığının beklenmesi
2021-01-29 18:02:54  [org.example.LoginPage] (main:) Sepetin boş olduğunun kontrolünün yapaılması
2021-01-29 18:03:42  [org.example.LoginPage] (main:) Test başlatıldı.
2021-01-29 18:03:45  [org.example.LoginPage] (main:) Test Edilecek Sayfa : GittiGidiyor - Türkiye'nin Öncü Alışveriş Sitesi
2021-01-29 18:03:46  [org.example.LoginPage] (main:) Kullanıcı girişi yapılması
2021-01-29 18:03:49  [org.example.LoginPage] (main:) Yönlendirilen Sayfa : GittiGidiyor - Türkiye'nin Öncü Alışveriş Sitesi
2021-01-29 18:03:49  [org.example.LoginPage] (main:) Arama çubuğunda 'Bilgisayar' ifadesinin aranması
2021-01-29 18:03:51  [org.example.LoginPage] (main:) 2.Sayfanın açılması
2021-01-29 18:03:56  [org.example.LoginPage] (main:) 2.sayfada olduğunun kontrol edilmesi
2021-01-29 18:03:56  [org.example.LoginPage] (main:) Sayfa fark etmeksizin,rastgele şekilde ilk ürünün seçilmesi
2021-01-29 18:03:57  [org.example.LoginPage] (main:) Ürün fiyatının hafızaya alınması
2021-01-29 18:03:57  [org.example.LoginPage] (main:) Ürünün sepete eklenmesi
2021-01-29 18:03:57  [org.example.LoginPage] (main:) Ürünün,internet yavaşlığından kaynaklı sepete eklenmemesini engellemek için konulan süre
2021-01-29 18:04:01  [org.example.LoginPage] (main:) Ürünün fiyatıyla sepetteki halinin fiyat karşılaştırılması
2021-01-29 18:04:01  [org.example.LoginPage] (main:) Ürün sayısının artırılması
2021-01-29 18:04:02  [org.example.LoginPage] (main:) Ürün sayısının kontrol edilmesi
2021-01-29 18:04:02  [org.example.LoginPage] (main:) İşlemi görmek için beklenmesi gereken süre
2021-01-29 18:04:04  [org.example.LoginPage] (main:) Ürünleri sepetten silinmesi ve işlemin gerçekleşmesi için internet yavaşlığının beklenmesi
2021-01-29 18:04:09  [org.example.LoginPage] (main:) Sepetin boş olduğunun kontrolünün yapaılması
2021-01-29 18:04:09  [org.example.LoginPage] (main:) Test Tamamlandı.
2021-01-29 18:06:28  [org.example.LoginPage] (main:) Test başlatıldı.
2021-01-29 18:06:30  [org.example.LoginPage] (main:) Test Edilecek Sayfa : GittiGidiyor - Türkiye'nin Öncü Alışveriş Sitesi
2021-01-29 18:06:31  [org.example.LoginPage] (main:) Kullanıcı girişi yapılması
2021-01-29 18:06:32  [org.example.LoginPage] (main:) Yönlendirilen Sayfa : Üye Girişi - GittiGidiyor
2021-01-29 18:07:32  [org.example.LoginPage] (main:) Test başlatıldı.
2021-01-29 18:07:34  [org.example.LoginPage] (main:) Test Edilecek Sayfa : GittiGidiyor - Türkiye'nin Öncü Alışveriş Sitesi
2021-01-29 18:07:35  [org.example.LoginPage] (main:) Kullanıcı girişi yapılması
2021-01-29 18:07:38  [org.example.LoginPage] (main:) Yönlendirilen Sayfa : GittiGidiyor - Türkiye'nin Öncü Alışveriş Sitesi
2021-01-29 18:07:38  [org.example.LoginPage] (main:) Arama çubuğunda 'Bilgisayar' ifadesinin aranması
2021-01-29 18:07:40  [org.example.LoginPage] (main:) 2.Sayfanın açılması
2021-01-29 18:07:44  [org.example.LoginPage] (main:) 2.sayfada olduğunun kontrol edilmesi
2021-01-29 18:07:44  [org.example.LoginPage] (main:) Sayfa fark etmeksizin,rastgele şekilde ilk ürünün seçilmesi
2021-01-29 18:07:45  [org.example.LoginPage] (main:) Ürün fiyatının hafızaya alınması
2021-01-29 18:07:45  [org.example.LoginPage] (main:) Ürünün sepete eklenmesi
2021-01-29 18:07:45  [org.example.LoginPage] (main:) Ürünün,internet yavaşlığından kaynaklı sepete eklenmemesini engellemek için konulan süre
2021-01-29 18:07:49  [org.example.LoginPage] (main:) Ürünün fiyatıyla sepetteki halinin fiyat karşılaştırılması
2021-01-29 18:07:49  [org.example.LoginPage] (main:) Ürün sayısının artırılması
2021-01-29 18:07:50  [org.example.LoginPage] (main:) Ürün sayısının kontrol edilmesi
2021-01-29 18:07:50  [org.example.LoginPage] (main:) İşlemi görmek için beklenmesi gereken süre
2021-01-29 18:07:52  [org.example.LoginPage] (main:) Ürünlerin sepetten silinmesi ve işlemin gerçekleşmesi için internet yavaşlığının beklenmesi
2021-01-29 18:07:57  [org.example.LoginPage] (main:) Sepetin boş olduğunun kontrolünün yapılması
2021-01-29 18:07:57  [org.example.LoginPage] (main:) Test Tamamlandı.
2021-01-29 18:38:17  [org.example.LoginPage] (main:) Test başlatıldı.
2021-01-29 18:38:19  [org.example.LoginPage] (main:) Test Edilecek Sayfa : GittiGidiyor - Türkiye'nin Öncü Alışveriş Sitesi
2021-01-29 18:38:20  [org.example.LoginPage] (main:) Kullanıcı girişi yapılması
2021-01-29 18:38:23  [org.example.LoginPage] (main:) Yönlendirilen Sayfa : GittiGidiyor - Türkiye'nin Öncü Alışveriş Sitesi
2021-01-29 18:38:23  [org.example.LoginPage] (main:) Arama çubuğunda 'Bilgisayar' ifadesinin aranması
2021-01-29 18:38:25  [org.example.LoginPage] (main:) 2.Sayfanın açılması
2021-01-29 18:38:29  [org.example.LoginPage] (main:) 2.sayfada olduğunun kontrol edilmesi
2021-01-29 18:38:29  [org.example.LoginPage] (main:) Sayfa fark etmeksizin,rastgele şekilde ilk ürünün seçilmesi
2021-01-29 18:38:30  [org.example.LoginPage] (main:) Ürün fiyatının hafızaya alınması
2021-01-29 18:38:30  [org.example.LoginPage] (main:) Ürünün sepete eklenmesi
2021-01-29 18:38:30  [org.example.LoginPage] (main:) Ürünün,internet yavaşlığından kaynaklı sepete eklenmemesini engellemek için konulan süre
2021-01-29 18:38:34  [org.example.LoginPage] (main:) Ürünün fiyatıyla sepetteki halinin fiyat karşılaştırılması
2021-01-29 18:38:34  [org.example.LoginPage] (main:) Ürün sayısının artırılması
2021-01-29 18:38:35  [org.example.LoginPage] (main:) Ürün sayısının kontrol edilmesi
2021-01-29 18:38:35  [org.example.LoginPage] (main:) İşlemi görmek için beklenmesi gereken süre
2021-01-29 18:38:37  [org.example.LoginPage] (main:) Ürünlerin sepetten silinmesi ve işlemin gerçekleşmesi için internet yavaşlığının beklenmesi
2021-01-29 18:38:42  [org.example.LoginPage] (main:) Sepetin boş olduğunun kontrolünün yapılması
2021-01-29 18:38:42  [org.example.LoginPage] (main:) Test Tamamlandı.
